[ 2018-03-06T15:10:38+08:00 ] 175.167.130.35 /index.php/Peisong_api/Order/index.html
INFO: [ app_init ] --START--
INFO: Run Behavior\BuildLiteBehavior [ RunTime:0.000977s ]
INFO: [ app_init ] --END-- [ RunTime:0.000977s ]
ERR: 无法加载模块:Peisong_api

[ 2018-03-06T15:10:38+08:00 ] 175.167.130.35 /index.php/Peisong_api/Index/updateVersion.html
INFO: [ app_init ] --START--
INFO: Run Behavior\BuildLiteBehavior [ RunTime:0.000000s ]
INFO: [ app_init ] --END-- [ RunTime:0.000000s ]
ERR: 无法加载模块:Peisong_api

[ 2018-03-06T15:10:38+08:00 ] 175.167.130.35 /index.php/Peisong_api/User/info.html
INFO: [ app_init ] --START--
INFO: Run Behavior\BuildLiteBehavior [ RunTime:0.000000s ]
INFO: [ app_init ] --END-- [ RunTime:0.000976s ]
ERR: 无法加载模块:Peisong_api

[ 2018-03-06T15:10:40+08:00 ] 175.167.130.35 /index.php/Peisong_api/User/setPos.html
INFO: [ app_init ] --START--
INFO: Run Behavior\BuildLiteBehavior [ RunTime:0.000000s ]
INFO: [ app_init ] --END-- [ RunTime:0.000000s ]
ERR: 无法加载模块:Peisong_api

[ 2018-03-06T15:10:40+08:00 ] 175.167.130.35 /index.php/Peisong_api/User/setPos.html
INFO: [ app_init ] --START--
INFO: Run Behavior\BuildLiteBehavior [ RunTime:0.000000s ]
INFO: [ app_init ] --END-- [ RunTime:0.000000s ]
ERR: 无法加载模块:Peisong_api

[ 2018-03-06T15:10:41+08:00 ] 175.167.130.35 /index.php/Peisong_api/User/setPos.html
INFO: [ app_init ] --START--
INFO: Run Behavior\BuildLiteBehavior [ RunTime:0.000000s ]
INFO: [ app_init ] --END-- [ RunTime:0.000000s ]
ERR: 无法加载模块:Peisong_api

[ 2018-03-06T15:10:42+08:00 ] 175.167.130.35 /index.php/Peisong_api/User/setPos.html
INFO: [ app_init ] --START--
INFO: Run Behavior\BuildLiteBehavior [ RunTime:0.000000s ]
INFO: [ app_init ] --END-- [ RunTime:0.000000s ]
ERR: 无法加载模块:Peisong_api

[ 2018-03-06T15:10:42+08:00 ] 175.167.130.35 /index.php/Peisong_api/Order/index.html
INFO: [ app_init ] --START--
INFO: Run Behavior\BuildLiteBehavior [ RunTime:0.000000s ]
INFO: [ app_init ] --END-- [ RunTime:0.000000s ]
ERR: 无法加载模块:Peisong_api

[ 2018-03-06T15:10:43+08:00 ] 175.167.130.35 /index.php/Peisong_api/User/setPos.html
INFO: [ app_init ] --START--
INFO: Run Behavior\BuildLiteBehavior [ RunTime:0.000000s ]
INFO: [ app_init ] --END-- [ RunTime:0.000000s ]
ERR: 无法加载模块:Peisong_api

[ 2018-03-06T15:10:44+08:00 ] 175.167.130.35 /index.php/Peisong_api/User/setPos.html
INFO: [ app_init ] --START--
INFO: Run Behavior\BuildLiteBehavior [ RunTime:0.000000s ]
INFO: [ app_init ] --END-- [ RunTime:0.000977s ]
ERR: 无法加载模块:Peisong_api

[ 2018-03-06T15:10:45+08:00 ] 175.167.130.35 /index.php/Peisong_api/User/setPos.html
INFO: [ app_init ] --START--
INFO: Run Behavior\BuildLiteBehavior [ RunTime:0.000000s ]
INFO: [ app_init ] --END-- [ RunTime:0.000000s ]
ERR: 无法加载模块:Peisong_api

[ 2018-03-06T15:10:46+08:00 ] 175.167.130.35 /index.php/Peisong_api/User/setPos.html
INFO: [ app_init ] --START--
INFO: Run Behavior\BuildLiteBehavior [ RunTime:0.000000s ]
INFO: [ app_init ] --END-- [ RunTime:0.000000s ]
ERR: 无法加载模块:Peisong_api

[ 2018-03-06T15:10:47+08:00 ] 175.167.130.35 /index.php/Peisong_api/User/setPos.html
INFO: [ app_init ] --START--
INFO: Run Behavior\BuildLiteBehavior [ RunTime:0.000000s ]
INFO: [ app_init ] --END-- [ RunTime:0.000000s ]
ERR: 无法加载模块:Peisong_api

[ 2018-03-06T15:10:47+08:00 ] 175.167.130.35 /index.php/Peisong_api/Index/updateVersion.html
INFO: [ app_init ] --START--
INFO: Run Behavior\BuildLiteBehavior [ RunTime:0.000000s ]
INFO: [ app_init ] --END-- [ RunTime:0.000000s ]
ERR: 无法加载模块:Peisong_api

[ 2018-03-06T15:10:47+08:00 ] 175.167.130.35 /index.php/Peisong_api/Order/index.html
INFO: [ app_init ] --START--
INFO: Run Behavior\BuildLiteBehavior [ RunTime:0.000000s ]
INFO: [ app_init ] --END-- [ RunTime:0.000000s ]
ERR: 无法加载模块:Peisong_api

[ 2018-03-06T15:10:48+08:00 ] 175.167.130.35 /index.php/Peisong_api/User/setPos.html
INFO: [ app_init ] --START--
INFO: Run Behavior\BuildLiteBehavior [ RunTime:0.000000s ]
INFO: [ app_init ] --END-- [ RunTime:0.000977s ]
ERR: 无法加载模块:Peisong_api

[ 2018-03-06T15:10:49+08:00 ] 175.167.130.35 /index.php/Peisong_api/User/setPos.html
INFO: [ app_init ] --START--
INFO: Run Behavior\BuildLiteBehavior [ RunTime:0.000000s ]
INFO: [ app_init ] --END-- [ RunTime:0.000977s ]
ERR: 无法加载模块:Peisong_api

[ 2018-03-06T15:10:50+08:00 ] 175.167.130.35 /index.php/Peisong_api/User/setPos.html
INFO: [ app_init ] --START--
INFO: Run Behavior\BuildLiteBehavior [ RunTime:0.000000s ]
INFO: [ app_init ] --END-- [ RunTime:0.000000s ]
ERR: 无法加载模块:Peisong_api

[ 2018-03-06T15:10:50+08:00 ] 175.167.130.35 /index.php/Peisong_api/Order/index.html
INFO: [ app_init ] --START--
INFO: Run Behavior\BuildLiteBehavior [ RunTime:0.000000s ]
INFO: [ app_init ] --END-- [ RunTime:0.000976s ]
ERR: 无法加载模块:Peisong_api

[ 2018-03-06T15:10:51+08:00 ] 175.167.130.35 /index.php/Peisong_api/User/setPos.html
INFO: [ app_init ] --START--
INFO: Run Behavior\BuildLiteBehavior [ RunTime:0.000000s ]
INFO: [ app_init ] --END-- [ RunTime:0.000000s ]
ERR: 无法加载模块:Peisong_api

[ 2018-03-06T15:10:52+08:00 ] 175.167.130.35 /index.php/Peisong_api/User/setPos.html
INFO: [ app_init ] --START--
INFO: Run Behavior\BuildLiteBehavior [ RunTime:0.000000s ]
INFO: [ app_init ] --END-- [ RunTime:0.000976s ]
ERR: 无法加载模块:Peisong_api

[ 2018-03-06T15:10:53+08:00 ] 175.167.130.35 /index.php/Peisong_api/User/setPos.html
INFO: [ app_init ] --START--
INFO: Run Behavior\BuildLiteBehavior [ RunTime:0.000000s ]
INFO: [ app_init ] --END-- [ RunTime:0.000000s ]
ERR: 无法加载模块:Peisong_api

[ 2018-03-06T15:57:08+08:00 ] 123.184.76.175 /index.php/Peisong_api/User/info.html
INFO: [ app_init ] --START--
INFO: Run Behavior\BuildLiteBehavior [ RunTime:0.000000s ]
INFO: [ app_init ] --END-- [ RunTime:0.000000s ]
ERR: 无法加载模块:Peisong_api

[ 2018-03-06T15:57:08+08:00 ] 123.184.76.175 /index.php/Peisong_api/Order/index.html
INFO: [ app_init ] --START--
INFO: Run Behavior\BuildLiteBehavior [ RunTime:0.000000s ]
INFO: [ app_init ] --END-- [ RunTime:0.000977s ]
ERR: 无法加载模块:Peisong_api

[ 2018-03-06T15:57:08+08:00 ] 123.184.76.175 /index.php/Peisong_api/Index/updateVersion.html
INFO: [ app_init ] --START--
INFO: Run Behavior\BuildLiteBehavior [ RunTime:0.000000s ]
INFO: [ app_init ] --END-- [ RunTime:0.000977s ]
ERR: 无法加载模块:Peisong_api

[ 2018-03-06T15:57:11+08:00 ] 123.184.76.175 /index.php/Peisong_api/User/setPos.html
INFO: [ app_init ] --START--
INFO: Run Behavior\BuildLiteBehavior [ RunTime:0.000000s ]
INFO: [ app_init ] --END-- [ RunTime:0.000000s ]
ERR: 无法加载模块:Peisong_api

[ 2018-03-06T15:57:12+08:00 ] 123.184.76.175 /index.php/Peisong_api/User/setPos.html
INFO: [ app_init ] --START--
INFO: Run Behavior\BuildLiteBehavior [ RunTime:0.000000s ]
INFO: [ app_init ] --END-- [ RunTime:0.000976s ]
ERR: 无法加载模块:Peisong_api

[ 2018-03-06T15:57:12+08:00 ] 123.184.76.175 /index.php/Peisong_api/User/setPos.html
INFO: [ app_init ] --START--
INFO: Run Behavior\BuildLiteBehavior [ RunTime:0.000000s ]
INFO: [ app_init ] --END-- [ RunTime:0.000000s ]
ERR: 无法加载模块:Peisong_api

[ 2018-03-06T15:57:13+08:00 ] 123.184.76.175 /index.php/Peisong_api/Order/index.html
INFO: [ app_init ] --START--
INFO: Run Behavior\BuildLiteBehavior [ RunTime:0.000000s ]
INFO: [ app_init ] --END-- [ RunTime:0.000000s ]
ERR: 无法加载模块:Peisong_api

[ 2018-03-06T15:57:13+08:00 ] 123.184.76.175 /index.php/Peisong_api/User/setPos.html
INFO: [ app_init ] --START--
INFO: Run Behavior\BuildLiteBehavior [ RunTime:0.000000s ]
INFO: [ app_init ] --END-- [ RunTime:0.000976s ]
ERR: 无法加载模块:Peisong_api

[ 2018-03-06T15:57:13+08:00 ] 123.184.76.175 /index.php/Peisong_api/User/setPos.html
INFO: [ app_init ] --START--
INFO: Run Behavior\BuildLiteBehavior [ RunTime:0.000000s ]
INFO: [ app_init ] --END-- [ RunTime:0.000000s ]
ERR: 无法加载模块:Peisong_api

[ 2018-03-06T15:57:14+08:00 ] 123.184.76.175 /index.php/Peisong_api/User/setPos.html
INFO: [ app_init ] --START--
INFO: Run Behavior\BuildLiteBehavior [ RunTime:0.000000s ]
INFO: [ app_init ] --END-- [ RunTime:0.000977s ]
ERR: 无法加载模块:Peisong_api

[ 2018-03-06T15:57:14+08:00 ] 123.184.76.175 /index.php/Peisong_api/User/setPos.html
INFO: [ app_init ] --START--
INFO: Run Behavior\BuildLiteBehavior [ RunTime:0.000000s ]
INFO: [ app_init ] --END-- [ RunTime:0.000000s ]
ERR: 无法加载模块:Peisong_api

[ 2018-03-06T15:57:15+08:00 ] 123.184.76.175 /index.php/Peisong_api/Order/index.html
INFO: [ app_init ] --START--
INFO: Run Behavior\BuildLiteBehavior [ RunTime:0.000000s ]
INFO: [ app_init ] --END-- [ RunTime:0.000977s ]
ERR: 无法加载模块:Peisong_api

[ 2018-03-06T15:57:15+08:00 ] 123.184.76.175 /index.php/Peisong_api/User/setPos.html
INFO: [ app_init ] --START--
INFO: Run Behavior\BuildLiteBehavior [ RunTime:0.000000s ]
INFO: [ app_init ] --END-- [ RunTime:0.000000s ]
ERR: 无法加载模块:Peisong_api

[ 2018-03-06T15:57:16+08:00 ] 123.184.76.175 /index.php/Peisong_api/User/setPos.html
INFO: [ app_init ] --START--
INFO: Run Behavior\BuildLiteBehavior [ RunTime:0.000000s ]
INFO: [ app_init ] --END-- [ RunTime:0.000977s ]
ERR: 无法加载模块:Peisong_api

[ 2018-03-06T15:57:17+08:00 ] 123.184.76.175 /index.php/Peisong_api/Order/index.html
INFO: [ app_init ] --START--
INFO: Run Behavior\BuildLiteBehavior [ RunTime:0.000000s ]
INFO: [ app_init ] --END-- [ RunTime:0.000977s ]
ERR: 无法加载模块:Peisong_api

[ 2018-03-06T15:57:17+08:00 ] 123.184.76.175 /index.php/Peisong_api/User/setPos.html
INFO: [ app_init ] --START--
INFO: Run Behavior\BuildLiteBehavior [ RunTime:0.000000s ]
INFO: [ app_init ] --END-- [ RunTime:0.000000s ]
ERR: 无法加载模块:Peisong_api

[ 2018-03-06T15:57:18+08:00 ] 123.184.76.175 /index.php/Peisong_api/Order/index.html
INFO: [ app_init ] --START--
INFO: Run Behavior\BuildLiteBehavior [ RunTime:0.000000s ]
INFO: [ app_init ] --END-- [ RunTime:0.000976s ]
ERR: 无法加载模块:Peisong_api

[ 2018-03-06T15:57:18+08:00 ] 123.184.76.175 /index.php/Peisong_api/User/setPos.html
INFO: [ app_init ] --START--
INFO: Run Behavior\BuildLiteBehavior [ RunTime:0.000000s ]
INFO: [ app_init ] --END-- [ RunTime:0.000977s ]
ERR: 无法加载模块:Peisong_api

[ 2018-03-06T15:57:19+08:00 ] 123.184.76.175 /index.php/Peisong_api/User/setPos.html
INFO: [ app_init ] --START--
INFO: Run Behavior\BuildLiteBehavior [ RunTime:0.000000s ]
INFO: [ app_init ] --END-- [ RunTime:0.000000s ]
ERR: 无法加载模块:Peisong_api

[ 2018-03-06T15:57:20+08:00 ] 123.184.76.175 /index.php/Peisong_api/User/setPos.html
INFO: [ app_init ] --START--
INFO: Run Behavior\BuildLiteBehavior [ RunTime:0.000000s ]
INFO: [ app_init ] --END-- [ RunTime:0.000977s ]
ERR: 无法加载模块:Peisong_api

