[ 2018-03-08T16:15:14+08:00 ] 123.191.111.124 /index.php/Peisong_api/User/info.html
INFO: [ app_init ] --START--
INFO: Run Behavior\BuildLiteBehavior [ RunTime:0.000000s ]
INFO: [ app_init ] --END-- [ RunTime:0.000976s ]
ERR: 无法加载模块:Peisong_api

[ 2018-03-08T16:15:14+08:00 ] 123.191.111.124 /index.php/Peisong_api/Order/index.html
INFO: [ app_init ] --START--
INFO: Run Behavior\BuildLiteBehavior [ RunTime:0.000000s ]
INFO: [ app_init ] --END-- [ RunTime:0.000000s ]
ERR: 无法加载模块:Peisong_api

[ 2018-03-08T16:15:14+08:00 ] 123.191.111.124 /index.php/Peisong_api/Index/updateVersion.html
INFO: [ app_init ] --START--
INFO: Run Behavior\BuildLiteBehavior [ RunTime:0.000000s ]
INFO: [ app_init ] --END-- [ RunTime:0.000000s ]
ERR: 无法加载模块:Peisong_api

[ 2018-03-08T20:27:33+08:00 ] 123.184.76.16 /index.php/Peisong_api/Order/index.html
INFO: [ app_init ] --START--
INFO: Run Behavior\BuildLiteBehavior [ RunTime:0.000000s ]
INFO: [ app_init ] --END-- [ RunTime:0.000000s ]
ERR: 无法加载模块:Peisong_api

[ 2018-03-08T20:27:33+08:00 ] 123.184.76.16 /index.php/Peisong_api/Index/updateVersion.html
INFO: [ app_init ] --START--
INFO: Run Behavior\BuildLiteBehavior [ RunTime:0.000000s ]
INFO: [ app_init ] --END-- [ RunTime:0.000000s ]
ERR: 无法加载模块:Peisong_api

[ 2018-03-08T20:27:33+08:00 ] 123.184.76.16 /index.php/Peisong_api/User/info.html
INFO: [ app_init ] --START--
INFO: Run Behavior\BuildLiteBehavior [ RunTime:0.000977s ]
INFO: [ app_init ] --END-- [ RunTime:0.000977s ]
ERR: 无法加载模块:Peisong_api

[ 2018-03-08T20:27:36+08:00 ] 123.184.76.16 /index.php/Peisong_api/User/setPos.html
INFO: [ app_init ] --START--
INFO: Run Behavior\BuildLiteBehavior [ RunTime:0.000000s ]
INFO: [ app_init ] --END-- [ RunTime:0.000976s ]
ERR: 无法加载模块:Peisong_api

[ 2018-03-08T20:27:37+08:00 ] 123.184.76.16 /index.php/Peisong_api/User/setPos.html
INFO: [ app_init ] --START--
INFO: Run Behavior\BuildLiteBehavior [ RunTime:0.000000s ]
INFO: [ app_init ] --END-- [ RunTime:0.000976s ]
ERR: 无法加载模块:Peisong_api

[ 2018-03-08T20:27:37+08:00 ] 123.184.76.16 /index.php/Peisong_api/User/setPos.html
INFO: [ app_init ] --START--
INFO: Run Behavior\BuildLiteBehavior [ RunTime:0.000000s ]
INFO: [ app_init ] --END-- [ RunTime:0.000976s ]
ERR: 无法加载模块:Peisong_api

[ 2018-03-08T20:27:37+08:00 ] 123.184.76.16 /index.php/Peisong_api/User/setPos.html
INFO: [ app_init ] --START--
INFO: Run Behavior\BuildLiteBehavior [ RunTime:0.000000s ]
INFO: [ app_init ] --END-- [ RunTime:0.000000s ]
ERR: 无法加载模块:Peisong_api

[ 2018-03-08T20:27:38+08:00 ] 123.184.76.16 /index.php/Peisong_api/User/setPos.html
INFO: [ app_init ] --START--
INFO: Run Behavior\BuildLiteBehavior [ RunTime:0.000000s ]
INFO: [ app_init ] --END-- [ RunTime:0.000000s ]
ERR: 无法加载模块:Peisong_api

[ 2018-03-08T20:27:39+08:00 ] 123.184.76.16 /index.php/Peisong_api/User/setPos.html
INFO: [ app_init ] --START--
INFO: Run Behavior\BuildLiteBehavior [ RunTime:0.000000s ]
INFO: [ app_init ] --END-- [ RunTime:0.000000s ]
ERR: 无法加载模块:Peisong_api

[ 2018-03-08T20:27:39+08:00 ] 123.184.76.16 /index.php/Peisong_api/User/setPos.html
INFO: [ app_init ] --START--
INFO: Run Behavior\BuildLiteBehavior [ RunTime:0.000000s ]
INFO: [ app_init ] --END-- [ RunTime:0.000000s ]
ERR: 无法加载模块:Peisong_api

[ 2018-03-08T20:27:40+08:00 ] 123.184.76.16 /index.php/Peisong_api/User/setPos.html
INFO: [ app_init ] --START--
INFO: Run Behavior\BuildLiteBehavior [ RunTime:0.000000s ]
INFO: [ app_init ] --END-- [ RunTime:0.000000s ]
ERR: 无法加载模块:Peisong_api

[ 2018-03-08T20:27:41+08:00 ] 123.184.76.16 /index.php/Peisong_api/User/setPos.html
INFO: [ app_init ] --START--
INFO: Run Behavior\BuildLiteBehavior [ RunTime:0.000000s ]
INFO: [ app_init ] --END-- [ RunTime:0.000000s ]
ERR: 无法加载模块:Peisong_api

[ 2018-03-08T20:27:42+08:00 ] 123.184.76.16 /index.php/Peisong_api/User/setPos.html
INFO: [ app_init ] --START--
INFO: Run Behavior\BuildLiteBehavior [ RunTime:0.000000s ]
INFO: [ app_init ] --END-- [ RunTime:0.000000s ]
ERR: 无法加载模块:Peisong_api

[ 2018-03-08T20:27:43+08:00 ] 123.184.76.16 /index.php/Peisong_api/User/setPos.html
INFO: [ app_init ] --START--
INFO: Run Behavior\BuildLiteBehavior [ RunTime:0.000000s ]
INFO: [ app_init ] --END-- [ RunTime:0.000000s ]
ERR: 无法加载模块:Peisong_api

[ 2018-03-08T20:27:44+08:00 ] 123.184.76.16 /index.php/Peisong_api/User/setPos.html
INFO: [ app_init ] --START--
INFO: Run Behavior\BuildLiteBehavior [ RunTime:0.000000s ]
INFO: [ app_init ] --END-- [ RunTime:0.000000s ]
ERR: 无法加载模块:Peisong_api

[ 2018-03-08T20:27:45+08:00 ] 123.184.76.16 /index.php/Peisong_api/User/setPos.html
INFO: [ app_init ] --START--
INFO: Run Behavior\BuildLiteBehavior [ RunTime:0.000000s ]
INFO: [ app_init ] --END-- [ RunTime:0.000976s ]
ERR: 无法加载模块:Peisong_api

[ 2018-03-08T20:27:46+08:00 ] 123.184.76.16 /index.php/Peisong_api/User/setPos.html
INFO: [ app_init ] --START--
INFO: Run Behavior\BuildLiteBehavior [ RunTime:0.000000s ]
INFO: [ app_init ] --END-- [ RunTime:0.000000s ]
ERR: 无法加载模块:Peisong_api

[ 2018-03-08T20:27:47+08:00 ] 123.184.76.16 /index.php/Peisong_api/User/setPos.html
INFO: [ app_init ] --START--
INFO: Run Behavior\BuildLiteBehavior [ RunTime:0.000000s ]
INFO: [ app_init ] --END-- [ RunTime:0.000977s ]
ERR: 无法加载模块:Peisong_api

[ 2018-03-08T20:27:48+08:00 ] 123.184.76.16 /index.php/Peisong_api/User/setPos.html
INFO: [ app_init ] --START--
INFO: Run Behavior\BuildLiteBehavior [ RunTime:0.000000s ]
INFO: [ app_init ] --END-- [ RunTime:0.000000s ]
ERR: 无法加载模块:Peisong_api

[ 2018-03-08T20:27:49+08:00 ] 123.184.76.16 /index.php/Peisong_api/User/setPos.html
INFO: [ app_init ] --START--
INFO: Run Behavior\BuildLiteBehavior [ RunTime:0.000000s ]
INFO: [ app_init ] --END-- [ RunTime:0.000976s ]
ERR: 无法加载模块:Peisong_api

[ 2018-03-08T20:27:51+08:00 ] 123.184.76.16 /index.php/Peisong_api/User/setPos.html
INFO: [ app_init ] --START--
INFO: Run Behavior\BuildLiteBehavior [ RunTime:0.000000s ]
INFO: [ app_init ] --END-- [ RunTime:0.000977s ]
ERR: 无法加载模块:Peisong_api

[ 2018-03-08T20:27:51+08:00 ] 123.184.76.16 /index.php/Peisong_api/User/setPos.html
INFO: [ app_init ] --START--
INFO: Run Behavior\BuildLiteBehavior [ RunTime:0.000000s ]
INFO: [ app_init ] --END-- [ RunTime:0.000977s ]
ERR: 无法加载模块:Peisong_api

[ 2018-03-08T20:27:52+08:00 ] 123.184.76.16 /index.php/Peisong_api/User/setPos.html
INFO: [ app_init ] --START--
INFO: Run Behavior\BuildLiteBehavior [ RunTime:0.000000s ]
INFO: [ app_init ] --END-- [ RunTime:0.000977s ]
ERR: 无法加载模块:Peisong_api

[ 2018-03-08T20:27:53+08:00 ] 123.184.76.16 /index.php/Peisong_api/User/setPos.html
INFO: [ app_init ] --START--
INFO: Run Behavior\BuildLiteBehavior [ RunTime:0.000000s ]
INFO: [ app_init ] --END-- [ RunTime:0.000000s ]
ERR: 无法加载模块:Peisong_api

[ 2018-03-08T20:27:55+08:00 ] 123.184.76.16 /index.php/Peisong_api/Index/updateVersion.html
INFO: [ app_init ] --START--
INFO: Run Behavior\BuildLiteBehavior [ RunTime:0.000000s ]
INFO: [ app_init ] --END-- [ RunTime:0.000976s ]
ERR: 无法加载模块:Peisong_api

[ 2018-03-08T20:27:55+08:00 ] 123.184.76.16 /index.php/Peisong_api/Order/index.html
INFO: [ app_init ] --START--
INFO: Run Behavior\BuildLiteBehavior [ RunTime:0.000000s ]
INFO: [ app_init ] --END-- [ RunTime:0.000000s ]
ERR: 无法加载模块:Peisong_api

[ 2018-03-08T20:27:55+08:00 ] 123.184.76.16 /index.php/Peisong_api/User/setPos.html
INFO: [ app_init ] --START--
INFO: Run Behavior\BuildLiteBehavior [ RunTime:0.000000s ]
INFO: [ app_init ] --END-- [ RunTime:0.000976s ]
ERR: 无法加载模块:Peisong_api

[ 2018-03-08T20:27:55+08:00 ] 123.184.76.16 /index.php/Peisong_api/User/setPos.html
INFO: [ app_init ] --START--
INFO: Run Behavior\BuildLiteBehavior [ RunTime:0.000000s ]
INFO: [ app_init ] --END-- [ RunTime:0.000000s ]
ERR: 无法加载模块:Peisong_api

[ 2018-03-08T20:27:57+08:00 ] 123.184.76.16 /index.php/Peisong_api/User/setPos.html
INFO: [ app_init ] --START--
INFO: Run Behavior\BuildLiteBehavior [ RunTime:0.000000s ]
INFO: [ app_init ] --END-- [ RunTime:0.000000s ]
ERR: 无法加载模块:Peisong_api

